2025-03-28T14:41:19+00:00 ERROR Failed to ingest event: ResponseCode: 400 Code: Message: Bad Request - Api Mapping Not Found
2025-03-28T14:41:20+00:00 INFO webhook response: 
2025-03-28T14:41:20+00:00 INFO {"headers":null,"response":"{\"success\":true,\"message\":\"Your request has been successfully completed.\",\"code\":\"SUCCESS\",\"status\":200}"}
2025-03-28T14:41:21+00:00 INFO webhook response: 
2025-03-28T14:41:21+00:00 INFO {"headers":null,"response":"{\"success\":true,\"message\":\"Your request has been successfully completed.\",\"code\":\"SUCCESS\",\"status\":200}"}
2025-03-28T14:48:28+00:00 INFO redirect url: https://ramcommunication.com/wc-api/phonepe/?merchant_transaction_id=69620250328144828
2025-03-28T14:48:30+00:00 INFO enqueue script called
2025-03-28T14:48:30+00:00 INFO PRODUCTION
2025-03-28T14:50:49+00:00 INFO redirect url: https://ramcommunication.com/wc-api/phonepe/?merchant_transaction_id=69820250328145049
2025-03-28T14:50:51+00:00 INFO enqueue script called
2025-03-28T14:50:51+00:00 INFO PRODUCTION
2025-03-28T15:08:34+00:00 ERROR {"message":"Invalid callback","code":0,"httpStatusCode":0,"data":null}
2025-03-28T15:08:54+00:00 ERROR {"message":"Invalid callback","code":0,"httpStatusCode":0,"data":null}
2025-03-28T15:09:45+00:00 INFO redirect url: https://ramcommunication.com/wc-api/phonepe/?merchant_transaction_id=69920250328150945
2025-03-28T15:09:47+00:00 INFO enqueue script called
2025-03-28T15:09:47+00:00 INFO PRODUCTION
2025-03-28T15:10:19+00:00 ERROR {"message":"Invalid callback","code":0,"httpStatusCode":0,"data":null}
2025-03-28T15:10:39+00:00 ERROR {"message":"Invalid callback","code":0,"httpStatusCode":0,"data":null}
2025-03-28T15:10:53+00:00 ERROR {"message":"Invalid callback","code":0,"httpStatusCode":0,"data":null}
2025-03-28T15:11:13+00:00 ERROR {"message":"Invalid callback","code":0,"httpStatusCode":0,"data":null}
2025-03-28T15:24:02+00:00 INFO redirect url: https://ramcommunication.com/wc-api/phonepe/?merchant_transaction_id=70120250328152402
2025-03-28T15:24:04+00:00 INFO enqueue script called
2025-03-28T15:24:04+00:00 INFO PRODUCTION
2025-03-28T15:24:34+00:00 ERROR {"message":"Invalid callback","code":0,"httpStatusCode":0,"data":null}
2025-03-28T15:24:40+00:00 INFO "70120250328152402"
2025-03-28T15:24:40+00:00 INFO mtid: 70120250328152402
2025-03-28T15:24:54+00:00 ERROR {"message":"Invalid callback","code":0,"httpStatusCode":0,"data":null}
2025-03-28T15:49:33+00:00 INFO redirect url: https://ramcommunication.com/wc-api/phonepe/?merchant_transaction_id=69420250328154933
2025-03-28T15:49:35+00:00 INFO enqueue script called
2025-03-28T15:49:35+00:00 INFO PRODUCTION
2025-03-28T15:51:11+00:00 INFO redirect url: https://ramcommunication.com/wc-api/phonepe/?merchant_transaction_id=70220250328155111
2025-03-28T15:51:13+00:00 INFO enqueue script called
2025-03-28T15:51:13+00:00 INFO PRODUCTION
2025-03-28T15:51:37+00:00 ERROR {"message":"Invalid callback","code":0,"httpStatusCode":0,"data":null}
2025-03-28T15:51:40+00:00 INFO "70220250328155111"
2025-03-28T15:51:40+00:00 INFO mtid: 70220250328155111
2025-03-28T15:51:58+00:00 ERROR {"message":"Invalid callback","code":0,"httpStatusCode":0,"data":null}
2025-03-28T16:09:36+00:00 ERROR {"message":"Invalid callback","code":0,"httpStatusCode":0,"data":null}
2025-03-28T16:09:57+00:00 ERROR {"message":"Invalid callback","code":0,"httpStatusCode":0,"data":null}
